<?xml version="1.0" encoding="UTF-8"?>
<!-- Generated by org.testng.reporters.JUnitReportReporter -->
<testsuite hostname="kacholiy-WX-5" failures="0" tests="1" name="Academy.ValidateText" time="9.520" errors="0" timestamp="2021-06-25T10:56:54 GMT+05:30" skipped="0">
  <testcase classname="Academy.ValidateText" name="basePageText" time="9.520"/>
  <system-out/>
</testsuite> <!-- Academy.ValidateText -->
