<?xml version="1.0" encoding="UTF-8"?>
<!-- Generated by org.testng.reporters.JUnitReportReporter -->
<testsuite skipped="0" hostname="kacholiy-WX-5" name="Academy.ValidateText" tests="1" failures="0" timestamp="2021-06-14T06:52:00 GMT+05:30" time="9.014" errors="0">
  <testcase name="basePageText" time="9.014" classname="Academy.ValidateText"/>
  <system-out/>
</testsuite> <!-- Academy.ValidateText -->
