<?xml version="1.0" encoding="UTF-8"?>
<!-- Generated by org.testng.reporters.JUnitReportReporter -->
<testsuite skipped="0" hostname="kacholiy-WX-5" name="Academy.HomePage" tests="2" failures="0" timestamp="2021-06-14T06:52:00 GMT+05:30" time="61.879" errors="0">
  <testcase name="basePageMethod" time="36.863" classname="Academy.HomePage"/>
  <system-out/>
  <testcase name="basePageMethod" time="25.016" classname="Academy.HomePage"/>
  <system-out/>
</testsuite> <!-- Academy.HomePage -->
